[PREINITIALIZATION][CLIENT][INFO] Current loaders after merging: [[preinit]]
[PREINITIALIZATION][CLIENT][INFO] Loading scripts for loader with names [preinit]
[PREINITIALIZATION][CLIENT][INFO] [preinit | SIDE_CLIENT]: Skipping file {[0:crafttweaker]: crafttweaker\mods\BetterBuildersWands\BetterBuildersWands.zs} as we are currently loading with a different loader
[PREINITIALIZATION][CLIENT][INFO] [preinit | SIDE_CLIENT]: Skipping file {[0:crafttweaker]: crafttweaker\mods\PamsHarvestcraft\PamsHarvestcraft.zs} as we are currently loading with a different loader
[PREINITIALIZATION][CLIENT][INFO] [preinit | SIDE_CLIENT]: Skipping file {[0:crafttweaker]: crafttweaker\vanilla\dimensions_staging.zs} as we are currently loading with a different loader
[PREINITIALIZATION][CLIENT][INFO] [preinit | SIDE_CLIENT]: Skipping file {[0:crafttweaker]: crafttweaker\vanilla\minecraft.zs} as we are currently loading with a different loader
[PREINITIALIZATION][CLIENT][INFO] Completed script loading in: 2ms
[INITIALIZATION][CLIENT][INFO] CraftTweaker: Building registry
[INITIALIZATION][CLIENT][INFO] CraftTweaker: Successfully built item registry
[INITIALIZATION][CLIENT][INFO] Current loaders after merging: [[preinit], [recipeevent | crafttweaker]]
[INITIALIZATION][CLIENT][INFO] Loading scripts for loader with names [crafttweaker | recipeevent]
[INITIALIZATION][CLIENT][INFO] [crafttweaker | SIDE_CLIENT]: Loading Script: {[0:crafttweaker]: crafttweaker\mods\BetterBuildersWands\BetterBuildersWands.zs}
[INITIALIZATION][CLIENT][INFO] [crafttweaker | SIDE_CLIENT]: Loading Script: {[0:crafttweaker]: crafttweaker\mods\PamsHarvestcraft\PamsHarvestcraft.zs}
[INITIALIZATION][CLIENT][INFO] [crafttweaker | SIDE_CLIENT]: Loading Script: {[0:crafttweaker]: crafttweaker\vanilla\dimensions_staging.zs}
[INITIALIZATION][CLIENT][INFO] Dimension -1 has been added to stage disabled
[INITIALIZATION][CLIENT][INFO] Dimension 1 has been added to stage disabled
[INITIALIZATION][CLIENT][INFO] [crafttweaker | SIDE_CLIENT]: Loading Script: {[0:crafttweaker]: crafttweaker\vanilla\minecraft.zs}
[INITIALIZATION][CLIENT][INFO] Completed script loading in: 316ms
[POSTINITIALIZATION][CLIENT][INFO] Removing recipes for various outputs
[POSTINITIALIZATION][CLIENT][INFO] Removing furnace recipes for: <betterbuilderswands:wandunbreakable>
[POSTINITIALIZATION][CLIENT][INFO] 0 recipes removed for: <betterbuilderswands:wandunbreakable>
[POSTINITIALIZATION][CLIENT][INFO] Removing furnace recipes for: <harvestcraft:market>
[POSTINITIALIZATION][CLIENT][INFO] 0 recipes removed for: <harvestcraft:market>
[POSTINITIALIZATION][CLIENT][INFO] Removing furnace recipes for: <harvestcraft:shippingbin>
[POSTINITIALIZATION][CLIENT][INFO] 0 recipes removed for: <harvestcraft:shippingbin>
[POSTINITIALIZATION][CLIENT][INFO] Removing furnace recipes for: <harvestcraft:well>
[POSTINITIALIZATION][CLIENT][INFO] 0 recipes removed for: <harvestcraft:well>
[POSTINITIALIZATION][CLIENT][INFO] Removing furnace recipes for: <harvestcraft:groundtrap>
[POSTINITIALIZATION][CLIENT][INFO] 0 recipes removed for: <harvestcraft:groundtrap>
[POSTINITIALIZATION][CLIENT][INFO] Removing furnace recipes for: <harvestcraft:watertrap>
[POSTINITIALIZATION][CLIENT][INFO] 0 recipes removed for: <harvestcraft:watertrap>
[POSTINITIALIZATION][CLIENT][INFO] Removing furnace recipes for: <harvestcraft:waterfilter>
[POSTINITIALIZATION][CLIENT][INFO] 0 recipes removed for: <harvestcraft:waterfilter>
[POSTINITIALIZATION][CLIENT][INFO] Removing furnace recipes for: <harvestcraft:grinder>
[POSTINITIALIZATION][CLIENT][INFO] 0 recipes removed for: <harvestcraft:grinder>
[POSTINITIALIZATION][CLIENT][INFO] Removing furnace recipes for: <harvestcraft:beehive>
[POSTINITIALIZATION][CLIENT][INFO] 0 recipes removed for: <harvestcraft:beehive>
[POSTINITIALIZATION][CLIENT][INFO] Removing furnace recipes for: <harvestcraft:apiary>
[POSTINITIALIZATION][CLIENT][INFO] 0 recipes removed for: <harvestcraft:apiary>
[POSTINITIALIZATION][CLIENT][INFO] Removing furnace recipes for: <harvestcraft:presser>
[POSTINITIALIZATION][CLIENT][INFO] 0 recipes removed for: <harvestcraft:presser>
[POSTINITIALIZATION][CLIENT][INFO] Removing furnace recipes for: <cookingforblockheads:cow_jar>
[POSTINITIALIZATION][CLIENT][INFO] 0 recipes removed for: <cookingforblockheads:cow_jar>
[POSTINITIALIZATION][CLIENT][INFO] Removing furnace recipes for: <minecraft:gold_ore>
[POSTINITIALIZATION][CLIENT][INFO] 0 recipes removed for: <minecraft:gold_ore>
[POSTINITIALIZATION][CLIENT][INFO] Removing furnace recipes for: <minecraft:iron_ore>
[POSTINITIALIZATION][CLIENT][INFO] 0 recipes removed for: <minecraft:iron_ore>
[POSTINITIALIZATION][CLIENT][INFO] Removing furnace recipes for: <minecraft:coal_ore>
[POSTINITIALIZATION][CLIENT][INFO] 0 recipes removed for: <minecraft:coal_ore>
[POSTINITIALIZATION][CLIENT][INFO] Removing furnace recipes for: <minecraft:lapis_ore>
[POSTINITIALIZATION][CLIENT][INFO] 0 recipes removed for: <minecraft:lapis_ore>
[POSTINITIALIZATION][CLIENT][INFO] Removing furnace recipes for: <minecraft:lapis_block>
[POSTINITIALIZATION][CLIENT][INFO] 0 recipes removed for: <minecraft:lapis_block>
[POSTINITIALIZATION][CLIENT][INFO] Removing furnace recipes for: <minecraft:emerald_ore>
[POSTINITIALIZATION][CLIENT][INFO] 0 recipes removed for: <minecraft:emerald_ore>
[POSTINITIALIZATION][CLIENT][INFO] Removing furnace recipes for: <minecraft:glowstone>
[POSTINITIALIZATION][CLIENT][INFO] 0 recipes removed for: <minecraft:glowstone>
[POSTINITIALIZATION][CLIENT][INFO] Removing furnace recipes for: <minecraft:diamond_ore>
[POSTINITIALIZATION][CLIENT][INFO] 0 recipes removed for: <minecraft:diamond_ore>
[POSTINITIALIZATION][CLIENT][INFO] Removing furnace recipes for: <minecraft:quartz_ore>
[POSTINITIALIZATION][CLIENT][INFO] 0 recipes removed for: <minecraft:quartz_ore>
[POSTINITIALIZATION][CLIENT][INFO] Removing furnace recipes for: <minecraft:mycelium>
[POSTINITIALIZATION][CLIENT][INFO] 0 recipes removed for: <minecraft:mycelium>
[POSTINITIALIZATION][CLIENT][INFO] Removing furnace recipes for: <minecraft:monster_egg>
[POSTINITIALIZATION][CLIENT][INFO] 0 recipes removed for: <minecraft:monster_egg>
[POSTINITIALIZATION][CLIENT][INFO] Removing furnace recipes for: <minecraft:monster_egg:1>
[POSTINITIALIZATION][CLIENT][INFO] 0 recipes removed for: <minecraft:monster_egg:1>
[POSTINITIALIZATION][CLIENT][INFO] Removing furnace recipes for: <minecraft:monster_egg:2>
[POSTINITIALIZATION][CLIENT][INFO] 0 recipes removed for: <minecraft:monster_egg:2>
[POSTINITIALIZATION][CLIENT][INFO] Removing furnace recipes for: <minecraft:monster_egg:3>
[POSTINITIALIZATION][CLIENT][INFO] 0 recipes removed for: <minecraft:monster_egg:3>
[POSTINITIALIZATION][CLIENT][INFO] Removing furnace recipes for: <minecraft:monster_egg:4>
[POSTINITIALIZATION][CLIENT][INFO] 0 recipes removed for: <minecraft:monster_egg:4>
[POSTINITIALIZATION][CLIENT][INFO] Removing furnace recipes for: <minecraft:monster_egg:5>
[POSTINITIALIZATION][CLIENT][INFO] 0 recipes removed for: <minecraft:monster_egg:5>
[POSTINITIALIZATION][CLIENT][INFO] Removing furnace recipes for: <minecraft:enchanting_table>
[POSTINITIALIZATION][CLIENT][INFO] 0 recipes removed for: <minecraft:enchanting_table>
[POSTINITIALIZATION][CLIENT][INFO] Removing furnace recipes for: <minecraft:end_portal_frame>
[POSTINITIALIZATION][CLIENT][INFO] 0 recipes removed for: <minecraft:end_portal_frame>
[POSTINITIALIZATION][CLIENT][INFO] Removing furnace recipes for: <minecraft:ender_chest>
[POSTINITIALIZATION][CLIENT][INFO] 0 recipes removed for: <minecraft:ender_chest>
[POSTINITIALIZATION][CLIENT][INFO] Removing furnace recipes for: <minecraft:chorus_plant>
[POSTINITIALIZATION][CLIENT][INFO] 0 recipes removed for: <minecraft:chorus_plant>
[POSTINITIALIZATION][CLIENT][INFO] Removing furnace recipes for: <minecraft:chorus_flower>
[POSTINITIALIZATION][CLIENT][INFO] 0 recipes removed for: <minecraft:chorus_flower>
[POSTINITIALIZATION][CLIENT][INFO] Removing furnace recipes for: <minecraft:skull>
[POSTINITIALIZATION][CLIENT][INFO] 0 recipes removed for: <minecraft:skull>
[POSTINITIALIZATION][CLIENT][INFO] Removing furnace recipes for: <minecraft:skull:1>
[POSTINITIALIZATION][CLIENT][INFO] 0 recipes removed for: <minecraft:skull:1>
[POSTINITIALIZATION][CLIENT][INFO] Removing furnace recipes for: <minecraft:skull:2>
[POSTINITIALIZATION][CLIENT][INFO] 0 recipes removed for: <minecraft:skull:2>
[POSTINITIALIZATION][CLIENT][INFO] Removing furnace recipes for: <minecraft:skull:4>
[POSTINITIALIZATION][CLIENT][INFO] 0 recipes removed for: <minecraft:skull:4>
[POSTINITIALIZATION][CLIENT][INFO] Removing furnace recipes for: <minecraft:skull:5>
[POSTINITIALIZATION][CLIENT][INFO] 0 recipes removed for: <minecraft:skull:5>
[POSTINITIALIZATION][CLIENT][INFO] Removing furnace recipes for: <minecraft:end_crystal>
[POSTINITIALIZATION][CLIENT][INFO] 0 recipes removed for: <minecraft:end_crystal>
[POSTINITIALIZATION][CLIENT][INFO] Removing furnace recipes for: <minecraft:elytra>
[POSTINITIALIZATION][CLIENT][INFO] 0 recipes removed for: <minecraft:elytra>
[POSTINITIALIZATION][CLIENT][INFO] Removing furnace recipes for: <minecraft:beacon>
[POSTINITIALIZATION][CLIENT][INFO] 0 recipes removed for: <minecraft:beacon>
[POSTINITIALIZATION][CLIENT][INFO] Removing furnace recipes for: <minecraft:ender_pearl>
[POSTINITIALIZATION][CLIENT][INFO] 0 recipes removed for: <minecraft:ender_pearl>
[POSTINITIALIZATION][CLIENT][INFO] Removing furnace recipes for: <minecraft:blaze_rod>
[POSTINITIALIZATION][CLIENT][INFO] 0 recipes removed for: <minecraft:blaze_rod>
[POSTINITIALIZATION][CLIENT][INFO] Removing furnace recipes for: <minecraft:ender_eye>
[POSTINITIALIZATION][CLIENT][INFO] 0 recipes removed for: <minecraft:ender_eye>
[POSTINITIALIZATION][CLIENT][INFO] Removing furnace recipes for: <minecraft:speckled_melon>
[POSTINITIALIZATION][CLIENT][INFO] 0 recipes removed for: <minecraft:speckled_melon>
[POSTINITIALIZATION][CLIENT][INFO] Removing furnace recipes for: <minecraft:spider_eye>
[POSTINITIALIZATION][CLIENT][INFO] 0 recipes removed for: <minecraft:spider_eye>
[POSTINITIALIZATION][CLIENT][INFO] Removing furnace recipes for: <minecraft:golden_apple>
[POSTINITIALIZATION][CLIENT][INFO] 0 recipes removed for: <minecraft:golden_apple>
[POSTINITIALIZATION][CLIENT][INFO] Removing furnace recipes for: <minecraft:golden_apple:1>
[POSTINITIALIZATION][CLIENT][INFO] 0 recipes removed for: <minecraft:golden_apple:1>
[POSTINITIALIZATION][CLIENT][INFO] Removing furnace recipes for: <minecraft:nether_wart>
[POSTINITIALIZATION][CLIENT][INFO] 0 recipes removed for: <minecraft:nether_wart>
[POSTINITIALIZATION][CLIENT][INFO] Removing furnace recipes for: <minecraft:ghast_tear>
[POSTINITIALIZATION][CLIENT][INFO] 0 recipes removed for: <minecraft:ghast_tear>
[POSTINITIALIZATION][CLIENT][INFO] Removing furnace recipes for: <minecraft:brewing_stand>
[POSTINITIALIZATION][CLIENT][INFO] 0 recipes removed for: <minecraft:brewing_stand>
[POSTINITIALIZATION][CLIENT][INFO] Removing furnace recipes for: <minecraft:magma_cream>
[POSTINITIALIZATION][CLIENT][INFO] 0 recipes removed for: <minecraft:magma_cream>
[POSTINITIALIZATION][CLIENT][INFO] Removing furnace recipes for: <minecraft:blaze_powder>
[POSTINITIALIZATION][CLIENT][INFO] 0 recipes removed for: <minecraft:blaze_powder>
[POSTINITIALIZATION][CLIENT][INFO] Removing furnace recipes for: <minecraft:fermented_spider_eye>
[POSTINITIALIZATION][CLIENT][INFO] 0 recipes removed for: <minecraft:fermented_spider_eye>
[POSTINITIALIZATION][CLIENT][INFO] Removing furnace recipes for: <minecraft:experience_bottle>
[POSTINITIALIZATION][CLIENT][INFO] 0 recipes removed for: <minecraft:experience_bottle>
[POSTINITIALIZATION][CLIENT][INFO] Removing furnace recipes for: <minecraft:fire_charge>
[POSTINITIALIZATION][CLIENT][INFO] 0 recipes removed for: <minecraft:fire_charge>
[POSTINITIALIZATION][CLIENT][INFO] Removing furnace recipes for: <minecraft:emerald>
[POSTINITIALIZATION][CLIENT][INFO] 1 recipes removed for: <minecraft:emerald>
[POSTINITIALIZATION][CLIENT][INFO] Removing furnace recipes for: <minecraft:golden_carrot>
[POSTINITIALIZATION][CLIENT][INFO] 0 recipes removed for: <minecraft:golden_carrot>
[POSTINITIALIZATION][CLIENT][INFO] Removing furnace recipes for: <minecraft:nether_star>
[POSTINITIALIZATION][CLIENT][INFO] 0 recipes removed for: <minecraft:nether_star>
[POSTINITIALIZATION][CLIENT][INFO] Removing furnace recipes for: <minecraft:quartz>
[POSTINITIALIZATION][CLIENT][INFO] 1 recipes removed for: <minecraft:quartz>
[POSTINITIALIZATION][CLIENT][INFO] Removing furnace recipes for: <minecraft:prismarine_shard>
[POSTINITIALIZATION][CLIENT][INFO] 0 recipes removed for: <minecraft:prismarine_shard>
[POSTINITIALIZATION][CLIENT][INFO] Removing furnace recipes for: <minecraft:prismarine_crystals>
[POSTINITIALIZATION][CLIENT][INFO] 0 recipes removed for: <minecraft:prismarine_crystals>
[POSTINITIALIZATION][CLIENT][INFO] Removing furnace recipes for: <minecraft:chorus_fruit>
[POSTINITIALIZATION][CLIENT][INFO] 0 recipes removed for: <minecraft:chorus_fruit>
[POSTINITIALIZATION][CLIENT][INFO] Removing furnace recipes for: <minecraft:chorus_fruit_popped>
[POSTINITIALIZATION][CLIENT][INFO] 1 recipes removed for: <minecraft:chorus_fruit_popped>
[POSTINITIALIZATION][CLIENT][INFO] Removing furnace recipes for: <minecraft:dragon_breath>
[POSTINITIALIZATION][CLIENT][INFO] 0 recipes removed for: <minecraft:dragon_breath>
[POSTINITIALIZATION][CLIENT][INFO] Removing furnace recipes for: <minecraft:totem_of_undying>
[POSTINITIALIZATION][CLIENT][INFO] 0 recipes removed for: <minecraft:totem_of_undying>
[POSTINITIALIZATION][CLIENT][INFO] Removing furnace recipes for: <minecraft:shulker_shell>
[POSTINITIALIZATION][CLIENT][INFO] 0 recipes removed for: <minecraft:shulker_shell>
[POSTINITIALIZATION][CLIENT][INFO] Removing furnace recipes for: <minecraft:mob_spawner>
[POSTINITIALIZATION][CLIENT][INFO] 0 recipes removed for: <minecraft:mob_spawner>
[POSTINITIALIZATION][CLIENT][INFO] Removing furnace recipes for: <minecraft:brown_mushroom_block>
[POSTINITIALIZATION][CLIENT][INFO] 0 recipes removed for: <minecraft:brown_mushroom_block>
[POSTINITIALIZATION][CLIENT][INFO] Removing furnace recipes for: <minecraft:red_mushroom_block>
[POSTINITIALIZATION][CLIENT][INFO] 0 recipes removed for: <minecraft:red_mushroom_block>
[POSTINITIALIZATION][CLIENT][INFO] Removing furnace recipes for: <minecraft:dragon_egg>
[POSTINITIALIZATION][CLIENT][INFO] 0 recipes removed for: <minecraft:dragon_egg>
[POSTINITIALIZATION][CLIENT][INFO] Removing furnace recipes for: <minecraft:iron_ingot>
[POSTINITIALIZATION][CLIENT][INFO] 1 recipes removed for: <minecraft:iron_ingot>
[POSTINITIALIZATION][CLIENT][INFO] Removing furnace recipes for: <minecraft:gold_ingot>
[POSTINITIALIZATION][CLIENT][INFO] 1 recipes removed for: <minecraft:gold_ingot>
[POSTINITIALIZATION][CLIENT][INFO] Removing furnace recipes for: <minecraft:gold_nugget>
[POSTINITIALIZATION][CLIENT][INFO] 10 recipes removed for: <minecraft:gold_nugget>
[POSTINITIALIZATION][CLIENT][INFO] Removing furnace recipes for: <minecraft:iron_nugget>
[POSTINITIALIZATION][CLIENT][INFO] 14 recipes removed for: <minecraft:iron_nugget>
[POSTINITIALIZATION][CLIENT][INFO] Removing furnace recipes for: <minecraft:coal>
[POSTINITIALIZATION][CLIENT][INFO] 1 recipes removed for: <minecraft:coal>
[POSTINITIALIZATION][CLIENT][INFO] Removing furnace recipes for: <minecraft:diamond>
[POSTINITIALIZATION][CLIENT][INFO] 1 recipes removed for: <minecraft:diamond>
[POSTINITIALIZATION][CLIENT][INFO] Removing furnace recipes for: <minecraft:coal:1>
[POSTINITIALIZATION][CLIENT][INFO] 2 recipes removed for: <minecraft:coal:1>
[POSTINITIALIZATION][CLIENT][INFO] Removing furnace recipes for: <minecraft:redstone_ore>
[POSTINITIALIZATION][CLIENT][INFO] 0 recipes removed for: <minecraft:redstone_ore>
[POSTINITIALIZATION][CLIENT][INFO] Removing furnace recipes for: <minecraft:redstone>
[POSTINITIALIZATION][CLIENT][INFO] 1 recipes removed for: <minecraft:redstone>
[POSTINITIALIZATION][CLIENT][INFO] Removing furnace recipes for: <minecraft:redstone_block>
[POSTINITIALIZATION][CLIENT][INFO] 0 recipes removed for: <minecraft:redstone_block>
[POSTINITIALIZATION][CLIENT][INFO] Removing furnace recipes for: <minecraft:soul_sand>
[POSTINITIALIZATION][CLIENT][INFO] 0 recipes removed for: <minecraft:soul_sand>
[POSTINITIALIZATION][CLIENT][INFO] Removing furnace recipes for: <minecraft:nether_wart_block>
[POSTINITIALIZATION][CLIENT][INFO] 0 recipes removed for: <minecraft:nether_wart_block>
[POSTINITIALIZATION][CLIENT][INFO] Removing furnace recipes for: <minecraft:end_stone>
[POSTINITIALIZATION][CLIENT][INFO] 0 recipes removed for: <minecraft:end_stone>
[POSTINITIALIZATION][CLIENT][INFO] Removing furnace recipes for: <minecraft:netherrack>
[POSTINITIALIZATION][CLIENT][INFO] 0 recipes removed for: <minecraft:netherrack>
[POSTINITIALIZATION][CLIENT][INFO] Removing furnace recipes for: <minecraft:end_bricks>
[POSTINITIALIZATION][CLIENT][INFO] 0 recipes removed for: <minecraft:end_bricks>
[POSTINITIALIZATION][CLIENT][INFO] Removing furnace recipes for: <minecraft:stone_slab:6>
[POSTINITIALIZATION][CLIENT][INFO] 0 recipes removed for: <minecraft:stone_slab:6>
[POSTINITIALIZATION][CLIENT][INFO] Removing furnace recipes for: <minecraft:nether_brick>
[POSTINITIALIZATION][CLIENT][INFO] 0 recipes removed for: <minecraft:nether_brick>
[POSTINITIALIZATION][CLIENT][INFO] Removing furnace recipes for: <minecraft:nether_brick_stairs>
[POSTINITIALIZATION][CLIENT][INFO] 0 recipes removed for: <minecraft:nether_brick_stairs>
[POSTINITIALIZATION][CLIENT][INFO] Removing furnace recipes for: <minecraft:red_nether_brick>
[POSTINITIALIZATION][CLIENT][INFO] 0 recipes removed for: <minecraft:red_nether_brick>
[POSTINITIALIZATION][CLIENT][INFO] Removing furnace recipes for: <minecraft:nether_brick_fence>
[POSTINITIALIZATION][CLIENT][INFO] 0 recipes removed for: <minecraft:nether_brick_fence>
[POSTINITIALIZATION][CLIENT][INFO] Removing furnace recipes for: <minecraft:netherbrick>
[POSTINITIALIZATION][CLIENT][INFO] 1 recipes removed for: <minecraft:netherbrick>
[POSTINITIALIZATION][CLIENT][INFO] Removing furnace recipes for: <minecraft:wooden_sword>
[POSTINITIALIZATION][CLIENT][INFO] 0 recipes removed for: <minecraft:wooden_sword>
[POSTINITIALIZATION][CLIENT][INFO] Removing furnace recipes for: <minecraft:wooden_shovel>
[POSTINITIALIZATION][CLIENT][INFO] 0 recipes removed for: <minecraft:wooden_shovel>
[POSTINITIALIZATION][CLIENT][INFO] Removing furnace recipes for: <minecraft:wooden_pickaxe>
[POSTINITIALIZATION][CLIENT][INFO] 0 recipes removed for: <minecraft:wooden_pickaxe>
[POSTINITIALIZATION][CLIENT][INFO] Removing furnace recipes for: <minecraft:wooden_axe>
[POSTINITIALIZATION][CLIENT][INFO] 0 recipes removed for: <minecraft:wooden_axe>
[POSTINITIALIZATION][CLIENT][INFO] Removing furnace recipes for: <minecraft:wooden_hoe>
[POSTINITIALIZATION][CLIENT][INFO] 0 recipes removed for: <minecraft:wooden_hoe>
[POSTINITIALIZATION][CLIENT][INFO] Removing furnace recipes for: <minecraft:stone_sword>
[POSTINITIALIZATION][CLIENT][INFO] 0 recipes removed for: <minecraft:stone_sword>
[POSTINITIALIZATION][CLIENT][INFO] Removing furnace recipes for: <minecraft:stone_shovel>
[POSTINITIALIZATION][CLIENT][INFO] 0 recipes removed for: <minecraft:stone_shovel>
[POSTINITIALIZATION][CLIENT][INFO] Removing furnace recipes for: <minecraft:stone_pickaxe>
[POSTINITIALIZATION][CLIENT][INFO] 0 recipes removed for: <minecraft:stone_pickaxe>
[POSTINITIALIZATION][CLIENT][INFO] Removing furnace recipes for: <minecraft:stone_axe>
[POSTINITIALIZATION][CLIENT][INFO] 0 recipes removed for: <minecraft:stone_axe>
[POSTINITIALIZATION][CLIENT][INFO] Removing furnace recipes for: <minecraft:stone_hoe>
[POSTINITIALIZATION][CLIENT][INFO] 0 recipes removed for: <minecraft:stone_hoe>
[POSTINITIALIZATION][CLIENT][INFO] Removing furnace recipes for: <minecraft:iron_hoe>
[POSTINITIALIZATION][CLIENT][INFO] 0 recipes removed for: <minecraft:iron_hoe>
[POSTINITIALIZATION][CLIENT][INFO] Removing furnace recipes for: <minecraft:diamond_hoe>
[POSTINITIALIZATION][CLIENT][INFO] 0 recipes removed for: <minecraft:diamond_hoe>
[POSTINITIALIZATION][CLIENT][INFO] Removing furnace recipes for: <minecraft:golden_hoe>
[POSTINITIALIZATION][CLIENT][INFO] 0 recipes removed for: <minecraft:golden_hoe>
[POSTINITIALIZATION][CLIENT][INFO] Removing furnace recipes for: <minecraft:diamond_sword>
[POSTINITIALIZATION][CLIENT][INFO] 0 recipes removed for: <minecraft:diamond_sword>
[POSTINITIALIZATION][CLIENT][INFO] Removing furnace recipes for: <minecraft:diamond_shovel>
[POSTINITIALIZATION][CLIENT][INFO] 0 recipes removed for: <minecraft:diamond_shovel>
[POSTINITIALIZATION][CLIENT][INFO] Removing furnace recipes for: <minecraft:diamond_pickaxe>
[POSTINITIALIZATION][CLIENT][INFO] 0 recipes removed for: <minecraft:diamond_pickaxe>
[POSTINITIALIZATION][CLIENT][INFO] Removing furnace recipes for: <minecraft:diamond_axe>
[POSTINITIALIZATION][CLIENT][INFO] 0 recipes removed for: <minecraft:diamond_axe>
[POSTINITIALIZATION][CLIENT][INFO] Removing furnace recipes for: <minecraft:golden_sword>
[POSTINITIALIZATION][CLIENT][INFO] 0 recipes removed for: <minecraft:golden_sword>
[POSTINITIALIZATION][CLIENT][INFO] Removing furnace recipes for: <minecraft:golden_sword>
[POSTINITIALIZATION][CLIENT][INFO] 0 recipes removed for: <minecraft:golden_sword>
[POSTINITIALIZATION][CLIENT][INFO] Removing furnace recipes for: <minecraft:golden_shovel>
[POSTINITIALIZATION][CLIENT][INFO] 0 recipes removed for: <minecraft:golden_shovel>
[POSTINITIALIZATION][CLIENT][INFO] Removing furnace recipes for: <minecraft:golden_pickaxe>
[POSTINITIALIZATION][CLIENT][INFO] 0 recipes removed for: <minecraft:golden_pickaxe>
[POSTINITIALIZATION][CLIENT][INFO] Removing furnace recipes for: <minecraft:golden_axe>
[POSTINITIALIZATION][CLIENT][INFO] 0 recipes removed for: <minecraft:golden_axe>
[POSTINITIALIZATION][CLIENT][INFO] Removing furnace recipes for: <minecraft:iron_axe>
[POSTINITIALIZATION][CLIENT][INFO] 0 recipes removed for: <minecraft:iron_axe>
[POSTINITIALIZATION][CLIENT][INFO] Removing furnace recipes for: <minecraft:iron_pickaxe>
[POSTINITIALIZATION][CLIENT][INFO] 0 recipes removed for: <minecraft:iron_pickaxe>
[POSTINITIALIZATION][CLIENT][INFO] Removing furnace recipes for: <minecraft:iron_shovel>
[POSTINITIALIZATION][CLIENT][INFO] 0 recipes removed for: <minecraft:iron_shovel>
[POSTINITIALIZATION][CLIENT][INFO] Removing furnace recipes for: <minecraft:iron_sword>
[POSTINITIALIZATION][CLIENT][INFO] 0 recipes removed for: <minecraft:iron_sword>
[POSTINITIALIZATION][CLIENT][INFO] Removing furnace recipes for: <ore:chestTrapped>
[POSTINITIALIZATION][CLIENT][INFO] 0 recipes removed for: <ore:chestTrapped>
[AVAILABLE][CLIENT][INFO] Fixed the RecipeBook
[AVAILABLE][CLIENT][INFO] Hiding item in JEI: <betterbuilderswands:wandunbreakable>
[AVAILABLE][CLIENT][INFO] Hiding item in JEI: <harvestcraft:market>
[AVAILABLE][CLIENT][INFO] Hiding item in JEI: <harvestcraft:shippingbin>
[AVAILABLE][CLIENT][INFO] Hiding item in JEI: <harvestcraft:well>
[AVAILABLE][CLIENT][INFO] Hiding item in JEI: <harvestcraft:groundtrap>
[AVAILABLE][CLIENT][INFO] Hiding item in JEI: <harvestcraft:watertrap>
[AVAILABLE][CLIENT][INFO] Hiding item in JEI: <harvestcraft:waterfilter>
[AVAILABLE][CLIENT][INFO] Hiding item in JEI: <harvestcraft:grinder>
[AVAILABLE][CLIENT][INFO] Hiding item in JEI: <harvestcraft:beehive>
[AVAILABLE][CLIENT][INFO] Hiding item in JEI: <harvestcraft:apiary>
[AVAILABLE][CLIENT][INFO] Hiding item in JEI: <harvestcraft:presser>
[AVAILABLE][CLIENT][INFO] Hiding item in JEI: <cookingforblockheads:cow_jar>
[AVAILABLE][CLIENT][INFO] Hiding item in JEI: <minecraft:gold_ore>
[AVAILABLE][CLIENT][INFO] Hiding item in JEI: <minecraft:iron_ore>
[AVAILABLE][CLIENT][INFO] Hiding item in JEI: <minecraft:coal_ore>
[AVAILABLE][CLIENT][INFO] Hiding item in JEI: <minecraft:lapis_ore>
[AVAILABLE][CLIENT][INFO] Hiding item in JEI: <minecraft:lapis_block>
[AVAILABLE][CLIENT][INFO] Hiding item in JEI: <minecraft:emerald_ore>
[AVAILABLE][CLIENT][INFO] Hiding item in JEI: <minecraft:glowstone>
[AVAILABLE][CLIENT][INFO] Hiding item in JEI: <minecraft:diamond_ore>
[AVAILABLE][CLIENT][INFO] Hiding item in JEI: <minecraft:quartz_ore>
[AVAILABLE][CLIENT][INFO] Hiding item in JEI: <minecraft:mycelium>
[AVAILABLE][CLIENT][INFO] Hiding item in JEI: <minecraft:monster_egg>
[AVAILABLE][CLIENT][INFO] Hiding item in JEI: <minecraft:monster_egg:1>
[AVAILABLE][CLIENT][INFO] Hiding item in JEI: <minecraft:monster_egg:2>
[AVAILABLE][CLIENT][INFO] Hiding item in JEI: <minecraft:monster_egg:3>
[AVAILABLE][CLIENT][INFO] Hiding item in JEI: <minecraft:monster_egg:4>
[AVAILABLE][CLIENT][INFO] Hiding item in JEI: <minecraft:monster_egg:5>
[AVAILABLE][CLIENT][INFO] Hiding item in JEI: <minecraft:enchanting_table>
[AVAILABLE][CLIENT][INFO] Hiding item in JEI: <minecraft:end_portal_frame>
[AVAILABLE][CLIENT][INFO] Hiding item in JEI: <minecraft:ender_chest>
[AVAILABLE][CLIENT][INFO] Hiding item in JEI: <minecraft:chorus_plant>
[AVAILABLE][CLIENT][INFO] Hiding item in JEI: <minecraft:chorus_flower>
[AVAILABLE][CLIENT][INFO] Hiding item in JEI: <minecraft:skull>
[AVAILABLE][CLIENT][INFO] Hiding item in JEI: <minecraft:skull:1>
[AVAILABLE][CLIENT][INFO] Hiding item in JEI: <minecraft:skull:2>
[AVAILABLE][CLIENT][INFO] Hiding item in JEI: <minecraft:skull:4>
[AVAILABLE][CLIENT][INFO] Hiding item in JEI: <minecraft:skull:5>
[AVAILABLE][CLIENT][INFO] Hiding item in JEI: <minecraft:end_crystal>
[AVAILABLE][CLIENT][INFO] Hiding item in JEI: <minecraft:elytra>
[AVAILABLE][CLIENT][INFO] Hiding item in JEI: <minecraft:beacon>
[AVAILABLE][CLIENT][INFO] Hiding item in JEI: <minecraft:ender_pearl>
[AVAILABLE][CLIENT][INFO] Hiding item in JEI: <minecraft:blaze_rod>
[AVAILABLE][CLIENT][INFO] Hiding item in JEI: <minecraft:ender_eye>
[AVAILABLE][CLIENT][INFO] Hiding item in JEI: <minecraft:speckled_melon>
[AVAILABLE][CLIENT][INFO] Hiding item in JEI: <minecraft:spider_eye>
[AVAILABLE][CLIENT][INFO] Hiding item in JEI: <minecraft:golden_apple>
[AVAILABLE][CLIENT][INFO] Hiding item in JEI: <minecraft:golden_apple:1>
[AVAILABLE][CLIENT][INFO] Hiding item in JEI: <minecraft:nether_wart>
[AVAILABLE][CLIENT][INFO] Hiding item in JEI: <minecraft:ghast_tear>
[AVAILABLE][CLIENT][INFO] Hiding item in JEI: <minecraft:brewing_stand>
[AVAILABLE][CLIENT][INFO] Hiding item in JEI: <minecraft:magma_cream>
[AVAILABLE][CLIENT][INFO] Hiding item in JEI: <minecraft:blaze_powder>
[AVAILABLE][CLIENT][INFO] Hiding item in JEI: <minecraft:fermented_spider_eye>
[AVAILABLE][CLIENT][INFO] Hiding item in JEI: <minecraft:experience_bottle>
[AVAILABLE][CLIENT][INFO] Hiding item in JEI: <minecraft:fire_charge>
[AVAILABLE][CLIENT][INFO] Hiding item in JEI: <minecraft:emerald>
[AVAILABLE][CLIENT][INFO] Hiding item in JEI: <minecraft:golden_carrot>
[AVAILABLE][CLIENT][INFO] Hiding item in JEI: <minecraft:nether_star>
[AVAILABLE][CLIENT][INFO] Hiding item in JEI: <minecraft:quartz>
[AVAILABLE][CLIENT][INFO] Hiding item in JEI: <minecraft:prismarine_shard>
[AVAILABLE][CLIENT][INFO] Hiding item in JEI: <minecraft:prismarine_crystals>
[AVAILABLE][CLIENT][INFO] Hiding item in JEI: <minecraft:chorus_fruit>
[AVAILABLE][CLIENT][INFO] Hiding item in JEI: <minecraft:chorus_fruit_popped>
[AVAILABLE][CLIENT][INFO] Hiding item in JEI: <minecraft:dragon_breath>
[AVAILABLE][CLIENT][INFO] Hiding item in JEI: <minecraft:totem_of_undying>
[AVAILABLE][CLIENT][INFO] Hiding item in JEI: <minecraft:shulker_shell>
[AVAILABLE][CLIENT][INFO] Hiding item in JEI: <minecraft:mob_spawner>
[AVAILABLE][CLIENT][INFO] Hiding item in JEI: <minecraft:brown_mushroom_block>
[AVAILABLE][CLIENT][INFO] Hiding item in JEI: <minecraft:red_mushroom_block>
[AVAILABLE][CLIENT][INFO] Hiding item in JEI: <minecraft:dragon_egg>
[AVAILABLE][CLIENT][INFO] Hiding item in JEI: <minecraft:iron_ingot>
[AVAILABLE][CLIENT][INFO] Hiding item in JEI: <minecraft:gold_ingot>
[AVAILABLE][CLIENT][INFO] Hiding item in JEI: <minecraft:gold_nugget>
[AVAILABLE][CLIENT][INFO] Hiding item in JEI: <minecraft:iron_nugget>
[AVAILABLE][CLIENT][INFO] Hiding item in JEI: <minecraft:coal>
[AVAILABLE][CLIENT][INFO] Hiding item in JEI: <minecraft:diamond>
[AVAILABLE][CLIENT][INFO] Hiding item in JEI: <minecraft:coal:1>
[AVAILABLE][CLIENT][INFO] Hiding item in JEI: <minecraft:redstone_ore>
[AVAILABLE][CLIENT][INFO] Hiding item in JEI: <minecraft:redstone>
[AVAILABLE][CLIENT][INFO] Hiding item in JEI: <minecraft:redstone_block>
[AVAILABLE][CLIENT][INFO] Hiding item in JEI: <minecraft:soul_sand>
[AVAILABLE][CLIENT][INFO] Hiding item in JEI: <minecraft:nether_wart_block>
[AVAILABLE][CLIENT][INFO] Hiding item in JEI: <minecraft:end_stone>
[AVAILABLE][CLIENT][INFO] Hiding item in JEI: <minecraft:netherrack>
[AVAILABLE][CLIENT][INFO] Hiding item in JEI: <minecraft:end_bricks>
[AVAILABLE][CLIENT][INFO] Hiding item in JEI: <minecraft:stone_slab:6>
[AVAILABLE][CLIENT][INFO] Hiding item in JEI: <minecraft:nether_brick>
[AVAILABLE][CLIENT][INFO] Hiding item in JEI: <minecraft:nether_brick_stairs>
[AVAILABLE][CLIENT][INFO] Hiding item in JEI: <minecraft:red_nether_brick>
[AVAILABLE][CLIENT][INFO] Hiding item in JEI: <minecraft:nether_brick_fence>
[AVAILABLE][CLIENT][INFO] Hiding item in JEI: <minecraft:netherbrick>
[AVAILABLE][CLIENT][INFO] Hiding item in JEI: <minecraft:wooden_sword>
[AVAILABLE][CLIENT][INFO] Hiding item in JEI: <minecraft:wooden_shovel>
[AVAILABLE][CLIENT][INFO] Hiding item in JEI: <minecraft:wooden_pickaxe>
[AVAILABLE][CLIENT][INFO] Hiding item in JEI: <minecraft:wooden_axe>
[AVAILABLE][CLIENT][INFO] Hiding item in JEI: <minecraft:wooden_hoe>
[AVAILABLE][CLIENT][INFO] Hiding item in JEI: <minecraft:stone_sword>
[AVAILABLE][CLIENT][INFO] Hiding item in JEI: <minecraft:stone_shovel>
[AVAILABLE][CLIENT][INFO] Hiding item in JEI: <minecraft:stone_pickaxe>
[AVAILABLE][CLIENT][INFO] Hiding item in JEI: <minecraft:stone_axe>
[AVAILABLE][CLIENT][INFO] Hiding item in JEI: <minecraft:stone_hoe>
[AVAILABLE][CLIENT][INFO] Hiding item in JEI: <minecraft:iron_hoe>
[AVAILABLE][CLIENT][INFO] Hiding item in JEI: <minecraft:diamond_hoe>
[AVAILABLE][CLIENT][INFO] Hiding item in JEI: <minecraft:golden_hoe>
[AVAILABLE][CLIENT][INFO] Hiding item in JEI: <minecraft:diamond_sword>
[AVAILABLE][CLIENT][INFO] Hiding item in JEI: <minecraft:diamond_shovel>
[AVAILABLE][CLIENT][INFO] Hiding item in JEI: <minecraft:diamond_pickaxe>
[AVAILABLE][CLIENT][INFO] Hiding item in JEI: <minecraft:diamond_axe>
[AVAILABLE][CLIENT][INFO] Hiding item in JEI: <minecraft:golden_sword>
[AVAILABLE][CLIENT][INFO] Hiding item in JEI: <minecraft:golden_sword>
[AVAILABLE][CLIENT][INFO] Hiding item in JEI: <minecraft:golden_shovel>
[AVAILABLE][CLIENT][INFO] Hiding item in JEI: <minecraft:golden_pickaxe>
[AVAILABLE][CLIENT][INFO] Hiding item in JEI: <minecraft:golden_axe>
[AVAILABLE][CLIENT][INFO] Hiding item in JEI: <minecraft:iron_axe>
[AVAILABLE][CLIENT][INFO] Hiding item in JEI: <minecraft:iron_pickaxe>
[AVAILABLE][CLIENT][INFO] Hiding item in JEI: <minecraft:iron_shovel>
[AVAILABLE][CLIENT][INFO] Hiding item in JEI: <minecraft:iron_sword>
[AVAILABLE][CLIENT][INFO] Hiding item in JEI: <minecraft:trapped_chest>
