[18:13:46] [Client thread/INFO] [JMLogger] JourneyMap log initialized.
[18:13:46] [Client thread/INFO] [JourneymapClient] initialize ENTER
[18:13:46] [Client thread/INFO] [?] Version: JourneyMap 1.12.2-5.5.4, built with Forge 14.23.5.2768
Forge: 14.23.5.2831
Environment: os.name, os.arch, java.version, user.country, user.language=null, game language=en_us, locale=en_us
Features: 
	RadarPlayers : singleplayer = true , multiplayer = true
	RadarAnimals : singleplayer = true , multiplayer = true
	RadarMobs : singleplayer = true , multiplayer = true
	RadarVillagers : singleplayer = true , multiplayer = true
	MapTopo : singleplayer = true , multiplayer = true
	MapSurface : singleplayer = true , multiplayer = true
	MapCaves : singleplayer = true , multiplayer = true
MiniMapProperties{state=Valid, file=journeymap.minimap.config, configVersion=5.5.4, zoomLevel=0, showPlayers=true, frameAlpha=100, compassFontScale=1, terrainAlpha=100, showEntityNames=true, enabled=true, showPlayerHeading=false, showVillagers=true, info2Label=Blank, sizePercent=25, showDayNight=true, info3Label=Location, showMobs=true, showPets=true, preferredMapType=night, showCompass=true, mobDisplay=Small Dots, showReticle=true, orientation=My Heading, shape=Square, showSelf=true, info4Label=Blank, locationFormat=xzy, playerDisplay=Large Icons, showGrid=false, reticleOrientation=Compass, showWaypoints=true, showCaves=false, showAnimals=true, showMobHeading=false, showWaypointLabels=true, locationFormatVerbose=false, position=Top Right, info1Label=Blank, fontScale=1}
MiniMapProperties{state=Valid, file=journeymap.minimap2.config, configVersion=5.5.4, zoomLevel=0, showPlayers=true, frameAlpha=100, compassFontScale=1, terrainAlpha=100, showEntityNames=true, enabled=true, showPlayerHeading=false, showVillagers=true, info2Label=Blank, sizePercent=30, showDayNight=true, info3Label=Blank, showMobs=true, showPets=true, preferredMapType=night, showCompass=true, mobDisplay=Small Dots, showReticle=true, orientation=My Heading, shape=Circle, showSelf=true, info4Label=Blank, locationFormat=xyz, playerDisplay=Small Dots, showGrid=false, reticleOrientation=Compass, showWaypoints=true, showCaves=false, showAnimals=true, showMobHeading=false, showWaypointLabels=true, locationFormatVerbose=false, position=Top Right, info1Label=Blank, fontScale=1}
FullMapProperties{state=Valid, file=journeymap.fullmap.config, configVersion=5.5.4, mobDisplay=Large Icons, zoomLevel=2, showPlayers=true, showSelf=true, locationFormat=xyz, playerDisplay=Large Icons, showGrid=false, showEntityNames=true, showPlayerHeading=true, showVillagers=true, showWaypoints=true, showCaves=false, showAnimals=true, showMobHeading=true, showKeys=true, showWaypointLabels=true, locationFormatVerbose=true, showMobs=true, showPets=true, fontScale=1, preferredMapType=day}
WaypointProperties{state=Valid, file=journeymap.waypoint.config, configVersion=5.5.4, createDeathpoints=true, showName=true, maxDistance=1000, autoHideLabel=true, showStaticBeam=false, minDistance=4, boldLabel=false, textureSmall=true, showDistance=true, showRotatingBeam=false, fontScale=2, showTexture=true, managerEnabled=true, beaconEnabled=true}
WebMapProperties{state=Valid, file=journeymap.webmap.config, configVersion=5.5.4, zoomLevel=0, showWaypoints=true, showCaves=true, showSelf=true, port=8080, showGrid=true, showEntityNames=true, enabled=false, googleMapApiDomain=.com, preferredMapType=day}
CoreProperties{state=Valid, file=journeymap.core.config, configVersion=5.5.4, verboseColorPalette=false, maxPlayersData=32, mapSurfaceAboveCaves=false, optionsManagerViewed=5.5.4, announceMod=false, colorPassive=#bbbbbb, renderOverlayEventTypeName=ALL, mapBlendWater=false, renderDistanceSurfaceMax=7, radarVerticalDistance=16, mapBlendGrass=true, recordCacheStats=false, hideSneakingEntities=true, revealShape=Circle, alwaysMapSurface=false, colorVillager=#88e188, mapPlants=true, colorPet=#0077ff, radarLateralDistance=64, mapBathymetry=false, mapCrops=true, maxMobsData=32, mapPlantShadows=false, alwaysMapCaves=false, checkUpdates=false, browserPoll=2000, mapBlendFoliage=true, mappingEnabled=true, colorPlayer=#ffffff, tileHighDisplayQuality=true, cacheVillagersData=2200, logLevel=INFO, maxVillagersData=32, maxAnimalsData=32, mapTransparency=true, tileRenderType=1, caveIgnoreGlass=true, mapTopography=true, renderDistanceCaveMax=3, mapAntialiasing=true, colorSelf=#0000ff, cachePlayersData=2000, cacheMobsData=3000, cachePlayerData=1000, splashViewed=5.5.4, colorHostile=#ff0000, cacheAnimalsData=3100, themeName=ForestMansion, mapCaveLighting=true, renderDelay=2, renderOverlayPreEvent=true, autoMapPoll=2000}
[18:13:46] [Client thread/INFO] [ClientAPI] [ClientAPI] built with JourneyMap API 1.4
[18:13:46] [Client thread/INFO] [PluginHelper] Initializing plugins with Client API: journeymap.client.api.impl.ClientAPI
[18:13:46] [Client thread/INFO] [JourneymapClient] initialize EXIT, elapsed count 0 avg ?ms
[18:13:47] [Client thread/INFO] [IconSetFileHandler] Added entity icons from journeymap:icon/entity. Success: false
[18:13:48] [Client thread/INFO] [ThemeLoader] Preloaded theme textures: 71
[18:13:48] [Client thread/INFO] [VersionCheck] Update check disabled in properties file.
